{"numFailedTestSuites":1,"numFailedTests":0,"numPassedTestSuites":0,"numPassedTests":0,"numPendingTestSuites":0,"numPendingTests":0,"numRuntimeErrorTestSuites":1,"numTodoTests":0,"numTotalTestSuites":1,"numTotalTests":0,"openHandles":[],"snapshot":{"added":0,"didUpdate":false,"failure":false,"filesAdded":0,"filesRemoved":0,"filesRemovedList":[],"filesUnmatched":0,"filesUpdated":0,"matched":0,"total":0,"unchecked":0,"uncheckedKeysByFile":[],"unmatched":0,"updated":0},"startTime":1772400209797,"success":false,"testResults":[{"assertionResults":[],"coverage":{},"endTime":1772400211392,"message":"  ΓùÅ Test suite failed to run\n\n    \u001b[96msrc/modules/blog/blog.controller.ts\u001b[0m:\u001b[93m29\u001b[0m:\u001b[93m55\u001b[0m - \u001b[91merror\u001b[0m\u001b[90m TS2345: \u001b[0mArgument of type 'string | string[]' is not assignable to parameter of type 'string'.\n      Type 'string[]' is not assignable to type 'string'.\n\n    \u001b[7m29\u001b[0m             const blog = await blogService.findBySlug(req.params.slug);\n    \u001b[7m  \u001b[0m \u001b[91m                                                      ~~~~~~~~~~~~~~~\u001b[0m\n    \u001b[96msrc/modules/blog/blog.controller.ts\u001b[0m:\u001b[93m36\u001b[0m:\u001b[93m51\u001b[0m - \u001b[91merror\u001b[0m\u001b[90m TS2345: \u001b[0mArgument of type 'string | string[]' is not assignable to parameter of type 'string'.\n      Type 'string[]' is not assignable to type 'string'.\n\n    \u001b[7m36\u001b[0m             const blog = await blogService.update(req.params.id, req.body, req.userId!);\n    \u001b[7m  \u001b[0m \u001b[91m                                                  ~~~~~~~~~~~~~\u001b[0m\n    \u001b[96msrc/modules/blog/blog.controller.ts\u001b[0m:\u001b[93m43\u001b[0m:\u001b[93m38\u001b[0m - \u001b[91merror\u001b[0m\u001b[90m TS2345: \u001b[0mArgument of type 'string | string[]' is not assignable to parameter of type 'string'.\n      Type 'string[]' is not assignable to type 'string'.\n\n    \u001b[7m43\u001b[0m             await blogService.delete(req.params.id, req.userId!, req.userRole!);\n    \u001b[7m  \u001b[0m \u001b[91m                                     ~~~~~~~~~~~~~\u001b[0m\n","name":"C:\\Users\\vguda\\Downloads\\New folder (5)\\qa-ai-wizards\\backend\\src\\tests\\api.test.ts","startTime":1772400211392,"status":"failed","summary":""}],"wasInterrupted":false}
